Arguments: 
  /usr/local/Cellar/node/14.9.0/bin/node /usr/local/Cellar/yarn/1.22.5/libexec/bin/yarn.js install

PATH: 
  /Users/jarndt/.rbenv/shims:/Users/jarndt/.ansible:/Users/jarndt/.ansible/py3/bin:/Users/jarndt/.ansible/bin:/Users/jarndt/bin:/Users/jarndt/.ansible:/Users/jarndt/.ansible/py3/bin:/Users/jarndt/.ansible/bin:/Users/jarndt/bin:/Users/jarndt/.rbenv/shims:/Users/jarndt/.ansible:/Users/jarndt/.ansible/py3/bin:/Users/jarndt/.ansible/bin:/Users/jarndt/bin:/Users/jarndt/.ansible:/Users/jarndt/.ansible/py3/bin:/Users/jarndt/.ansible/bin:/Users/jarndt/bin:/usr/local/bin:/usr/bin:/bin:/usr/sbin:/sbin:/Library/TeX/texbin:/usr/local/share/dotnet:/Users/jarndt/.ansible:/opt/X11/bin:~/.dotnet/tools:/Library/Frameworks/Mono.framework/Versions/Current/Commands

Yarn version: 
  1.22.5

Node version: 
  14.9.0

Platform: 
  darwin x64

Trace: 
  SyntaxError: /Users/jarndt/git/Hackathon-09-2020/slack-service/package.json: Unexpected token } in JSON at position 374
      at JSON.parse (<anonymous>)
      at /usr/local/Cellar/yarn/1.22.5/libexec/lib/cli.js:1625:59
      at Generator.next (<anonymous>)
      at step (/usr/local/Cellar/yarn/1.22.5/libexec/lib/cli.js:310:30)
      at /usr/local/Cellar/yarn/1.22.5/libexec/lib/cli.js:321:13

npm manifest: 
  {
    "name": "slack-service",
    "version": "1.0.0",
    "description": "",
    "main": "server.js",
    "scripts": {
      "test": "echo \"Error: no test specified\" && exit 1",
      "start": "node server.js"
    },
    "author": "jarndt",
    "license": "ISC",
    "dependencies": {
      "axios": "^0.20.0",
      "bluebird": "^3.7.2",
      "body-parser": "^1.19.0",
      "express": "^4.17.1",
    }
  }

yarn manifest: 
  No manifest

Lockfile: 
  No lockfile
